<?xml version="1.0" encoding="UTF-8"?>
<!-- Generated by org.testng.reporters.JUnitXMLReporter -->
<testsuite ignored="3" hostname="DESKTOP-95KRL4B" failures="0" tests="6" name="personal loan" time="0.175" errors="0" timestamp="2024-08-16T12:12:13 IST">
  <testcase classname="selenium_practice.selenium_test.day4" name="edemo5" time="0.012"/>
  <testcase classname="selenium_practice.selenium_test.day4" name="edemo5" time="0.005"/>
  <testcase classname="selenium_practice.selenium_test.day4" name="edemo5" time="0.006"/>
  <testcase classname="selenium_practice.selenium_test.day4" name="bdemo5" time="0.007"/>
  <testcase classname="selenium_practice.selenium_test.day5" name="demo3" time="0.008"/>
  <testcase classname="selenium_practice.selenium_test.day1" name="demo2" time="0.004"/>
  <testcase classname="selenium_practice.selenium_test.day2" name="d2" time="0.0">
    <ignored/>
  </testcase> <!-- d2 -->
  <testcase classname="selenium_practice.selenium_test.day1" name="demo" time="0.0">
    <ignored/>
  </testcase> <!-- demo -->
  <testcase classname="selenium_practice.selenium_test.day4" name="ademo4" time="0.0">
    <ignored/>
  </testcase> <!-- ademo4 -->
</testsuite> <!-- personal loan -->
