<?xml version="1.0" encoding="UTF-8"?>
<!-- Generated by org.testng.reporters.JUnitXMLReporter -->
<testsuite ignored="1" hostname="DESKTOP-95KRL4B" failures="0" tests="4" name="Default test" time="0.189" errors="0" timestamp="2024-08-16T12:11:40 IST">
  <testcase classname="selenium_practice.selenium_test.day4" name="@BeforeTest demo6" time="-1.723790500332E9">
    <failure type="org.testng.TestNGException" message="
Parameter &amp;apos;URL&amp;apos; is required by BeforeTest on method demo6 but has not been marked @Optional or defined
in C:\Users\Payel\AppData\Local\Temp\testng-eclipse--2039515362\testng-customsuite.xml">
      <![CDATA[org.testng.TestNGException: 
Parameter 'URL' is required by BeforeTest on method demo6 but has not been marked @Optional or defined
in C:\Users\Payel\AppData\Local\Temp\testng-eclipse--2039515362\testng-customsuite.xml
at org.testng.internal.Parameters.createParams(Parameters.java:270)
at org.testng.internal.Parameters.createParametersForMethod(Parameters.java:358)
at org.testng.internal.Parameters.createParameters(Parameters.java:700)
at org.testng.internal.Parameters.createConfigurationParameters(Parameters.java:168)
at org.testng.internal.ConfigInvoker.invokeConfigurations(ConfigInvoker.java:302)
at org.testng.TestRunner.invokeTestConfigurations(TestRunner.java:637)
at org.testng.TestRunner.beforeRun(TestRunner.java:627)
at org.testng.TestRunner.run(TestRunner.java:589)
at org.testng.SuiteRunner.runTest(SuiteRunner.java:377)
at org.testng.SuiteRunner.runSequentially(SuiteRunner.java:371)
at org.testng.SuiteRunner.privateRun(SuiteRunner.java:332)
at org.testng.SuiteRunner.run(SuiteRunner.java:276)
at org.testng.SuiteRunnerWorker.runSuite(SuiteRunnerWorker.java:53)
at org.testng.SuiteRunnerWorker.run(SuiteRunnerWorker.java:96)
at org.testng.TestNG.runSuitesSequentially(TestNG.java:1212)
at org.testng.TestNG.runSuitesLocally(TestNG.java:1134)
at org.testng.TestNG.runSuites(TestNG.java:1063)
at org.testng.TestNG.run(TestNG.java:1031)
at org.testng.remote.AbstractRemoteTestNG.run(AbstractRemoteTestNG.java:115)
at org.testng.remote.RemoteTestNG.initAndRun(RemoteTestNG.java:293)
at org.testng.remote.RemoteTestNG.main(RemoteTestNG.java:91)
]]>
    </failure>
  </testcase> <!-- @BeforeTest demo6 -->
  <testcase classname="selenium_practice.selenium_test.day4" name="@BeforeClass bclass" time="-1.723790500388E9">
    <skipped/>
  </testcase> <!-- @BeforeClass bclass -->
  <testcase classname="selenium_practice.selenium_test.day4" name="@BeforeMethod bmethod" time="-1.723790500416E9">
    <skipped/>
  </testcase> <!-- @BeforeMethod bmethod -->
  <testcase classname="selenium_practice.selenium_test.day4" name="@AfterMethod amethod" time="-1.72379050043E9">
    <skipped/>
  </testcase> <!-- @AfterMethod amethod -->
  <testcase classname="selenium_practice.selenium_test.day4" name="@BeforeMethod bmethod" time="-1.723790500436E9">
    <skipped/>
  </testcase> <!-- @BeforeMethod bmethod -->
  <testcase classname="selenium_practice.selenium_test.day4" name="@AfterMethod amethod" time="-1.723790500447E9">
    <skipped/>
  </testcase> <!-- @AfterMethod amethod -->
  <testcase classname="selenium_practice.selenium_test.day4" name="@BeforeMethod bmethod" time="-1.723790500455E9">
    <skipped/>
  </testcase> <!-- @BeforeMethod bmethod -->
  <testcase classname="selenium_practice.selenium_test.day4" name="@AfterMethod amethod" time="-1.723790500479E9">
    <skipped/>
  </testcase> <!-- @AfterMethod amethod -->
  <testcase classname="selenium_practice.selenium_test.day4" name="@AfterClass aclass" time="-1.7237905005E9">
    <skipped/>
  </testcase> <!-- @AfterClass aclass -->
  <testcase classname="selenium_practice.selenium_test.day4" name="@AfterTest atest" time="-1.723790500503E9">
    <skipped/>
  </testcase> <!-- @AfterTest atest -->
  <testcase classname="selenium_practice.selenium_test.day4" name="edemo5" time="0.0">
    <skipped/>
  </testcase> <!-- edemo5 -->
  <testcase classname="selenium_practice.selenium_test.day4" name="edemo5" time="0.0">
    <skipped/>
  </testcase> <!-- edemo5 -->
  <testcase classname="selenium_practice.selenium_test.day4" name="edemo5" time="0.0">
    <skipped/>
  </testcase> <!-- edemo5 -->
  <testcase classname="selenium_practice.selenium_test.day4" name="bdemo5" time="0.0">
    <skipped/>
  </testcase> <!-- bdemo5 -->
  <testcase classname="selenium_practice.selenium_test.day4" name="ademo4" time="0.0">
    <ignored/>
  </testcase> <!-- ademo4 -->
</testsuite> <!-- Default test -->
